Using pre-set license
Built from '2020.3/staging' branch; Version is '2020.3.19f1 (68f137dc9bbe) revision 6877495'; Using compiler version '192528614'; Build Type 'Release'
OS: 'Windows 10 Home; OS build 19043.1348; Version 2009; 64bit' Language: 'ru' Physical Memory: 32635 MB
BatchMode: 1, IsHumanControllingUs: 0, StartBugReporterOnCrash: 0, Is64bit: 1, IsPro: 0

COMMAND LINE ARGUMENTS:
D:\Unity\2020.3.19f1\Editor\Unity.exe
-adb2
-batchMode
-noUpm
-name
AssetImportWorker0
-projectPath
C:/Users/vadym/My project (1)
-logFile
Logs/AssetImportWorker0.log
-srvPort
50233
Successfully changed project path to: C:/Users/vadym/My project (1)
C:/Users/vadym/My project (1)
Using Asset Import Pipeline V2.
Refreshing native plugins compatible for Editor in 35.26 ms, found 2 plugins.
Preloading 0 native plugins for Editor in 0.00 ms.
Initialize engine version: 2020.3.19f1 (68f137dc9bbe)
[Subsystems] Discovering subsystems at path D:/Unity/2020.3.19f1/Editor/Data/Resources/UnitySubsystems
[Subsystems] Discovering subsystems at path C:/Users/vadym/My project (1)/Assets
GfxDevice: creating device client; threaded=0
Direct3D:
    Version:  Direct3D 11.0 [level 11.1]
    Renderer: NVIDIA GeForce GTX 1050 (ID=0x1c81)
    Vendor:   
    VRAM:     1977 MB
    Driver:   27.21.14.5671
Initialize mono
Mono path[0] = 'D:/Unity/2020.3.19f1/Editor/Data/Managed'
Mono path[1] = 'D:/Unity/2020.3.19f1/Editor/Data/MonoBleedingEdge/lib/mono/unityjit'
Mono config path = 'D:/Unity/2020.3.19f1/Editor/Data/MonoBleedingEdge/etc'
Using monoOptions --debugger-agent=transport=dt_socket,embedding=1,server=y,suspend=n,address=127.0.0.1:56200
Begin MonoManager ReloadAssembly
Registering precompiled unity dll's ...
Register platform support module: D:/Unity/2020.3.19f1/Editor/Data/PlaybackEngines/WindowsStandaloneSupport/UnityEditor.WindowsStandalone.Extensions.dll
Registered in 0.002164 seconds.
Native extension for WindowsStandalone target not found
Refreshing native plugins compatible for Editor in 32.16 ms, found 2 plugins.
Preloading 0 native plugins for Editor in 0.00 ms.
Mono: successfully reloaded assembly
- Completed reload, in  1.657 seconds
Domain Reload Profiling:
	ReloadAssembly (1657ms)
		BeginReloadAssembly (82ms)
			ExecutionOrderSort (0ms)
			DisableScriptedObjects (0ms)
			BackupInstance (0ms)
			ReleaseScriptingObjects (0ms)
			CreateAndSetChildDomain (1ms)
		EndReloadAssembly (490ms)
			LoadAssemblies (81ms)
			RebuildTransferFunctionScriptingTraits (0ms)
			SetupTypeCache (199ms)
			ReleaseScriptCaches (0ms)
			RebuildScriptCaches (34ms)
			SetupLoadedEditorAssemblies (177ms)
				LogAssemblyErrors (0ms)
				InitializePlatformSupportModulesInManaged (4ms)
				SetLoadedEditorAssemblies (0ms)
				RefreshPlugins (32ms)
				BeforeProcessingInitializeOnLoad (11ms)
				ProcessInitializeOnLoadAttributes (95ms)
				ProcessInitializeOnLoadMethodAttributes (34ms)
				AfterProcessingInitializeOnLoad (0ms)
				EditorAssembliesLoaded (0ms)
			ExecutionOrderSort2 (0ms)
			AwakeInstancesAfterBackupRestoration (0ms)
Platform modules already initialized, skipping
Registering precompiled user dll's ...
Registered in 0.006932 seconds.
Begin MonoManager ReloadAssembly
Native extension for WindowsStandalone target not found
Refreshing native plugins compatible for Editor in 0.32 ms, found 2 plugins.
Preloading 0 native plugins for Editor in 0.00 ms.
Mono: successfully reloaded assembly
- Completed reload, in  1.147 seconds
Domain Reload Profiling:
	ReloadAssembly (1148ms)
		BeginReloadAssembly (188ms)
			ExecutionOrderSort (0ms)
			DisableScriptedObjects (5ms)
			BackupInstance (0ms)
			ReleaseScriptingObjects (0ms)
			CreateAndSetChildDomain (26ms)
		EndReloadAssembly (893ms)
			LoadAssemblies (118ms)
			RebuildTransferFunctionScriptingTraits (0ms)
			SetupTypeCache (322ms)
			ReleaseScriptCaches (0ms)
			RebuildScriptCaches (45ms)
			SetupLoadedEditorAssemblies (314ms)
				LogAssemblyErrors (0ms)
				InitializePlatformSupportModulesInManaged (5ms)
				SetLoadedEditorAssemblies (0ms)
				RefreshPlugins (0ms)
				BeforeProcessingInitializeOnLoad (59ms)
				ProcessInitializeOnLoadAttributes (240ms)
				ProcessInitializeOnLoadMethodAttributes (5ms)
				AfterProcessingInitializeOnLoad (4ms)
				EditorAssembliesLoaded (0ms)
			ExecutionOrderSort2 (0ms)
			AwakeInstancesAfterBackupRestoration (7ms)
Platform modules already initialized, skipping
========================================================================
Worker process is ready to serve import requests
Launched and connected shader compiler UnityShaderCompiler.exe after 0.06 seconds
Refreshing native plugins compatible for Editor in 0.36 ms, found 2 plugins.
Preloading 0 native plugins for Editor in 0.00 ms.
Unloading 1397 Unused Serialized files (Serialized files now loaded: 0)
System memory in use before: 64.8 MB.
System memory in use after: 64.9 MB.

Unloading 16 unused Assets to reduce memory usage. Loaded Objects now: 1832.
Total: 7.296600 ms (FindLiveObjects: 0.346400 ms CreateObjectMapping: 0.151700 ms MarkObjects: 6.660500 ms  DeleteObjects: 0.135800 ms)

AssetImportParameters requested are different than current active one (requested -> active):
  custom:framework-win-MediaFoundation: 216162199b28c13a410421893ffa2e32 -> 
  custom:video-decoder-ogg-theora: a1e56fd34408186e4bbccfd4996cb3dc -> 
  custom:container-muxer-webm: aa71ff27fc2769a1b78a27578f13a17b -> 
  custom:container-demuxer-webm: 4f35f7cbe854078d1ac9338744f61a02 -> 
  custom:container-demuxer-ogg: 62fdf1f143b41e24485cea50d1cbac27 -> 
  custom:video-encoder-webm-vp8: eb34c28f22e8b96e1ab97ce403110664 -> 
  custom:video-decoder-webm-vp8: 9c59270c3fd7afecdb556c50c9e8de78 -> 
  custom:audio-decoder-ogg-vorbis: bf7c407c2cedff20999df2af8eb42d56 -> 
  custom:audio-encoder-webm-vorbis: bf7c407c2cedff20999df2af8eb42d56 -> 
========================================================================
Received Import Request.
  path: Assets
  artifactKey: Guid(00000000000000001000000000000000) Importer(815301076,1909f56bfc062723c751e8b465ee728b)
Start importing Assets using Guid(00000000000000001000000000000000) Importer(815301076,1909f56bfc062723c751e8b465ee728b)  -> (artifact id: '42d402b061de3733987d63b9cc3b64de') in 0.006064 seconds 
  Import took 0.009080 seconds .

========================================================================
Received Import Request.
  Time since last request: 6.310282 seconds.
  path: Assets/Materials
  artifactKey: Guid(a75e7f056bacdca4cafd7b5f1cb6e928) Importer(815301076,1909f56bfc062723c751e8b465ee728b)
Start importing Assets/Materials using Guid(a75e7f056bacdca4cafd7b5f1cb6e928) Importer(815301076,1909f56bfc062723c751e8b465ee728b)  -> (artifact id: '96efd2b4096045c22ab764abb8c4bb18') in 0.003831 seconds 
  Import took 0.006341 seconds .

========================================================================
Received Import Request.
  Time since last request: 30.174578 seconds.
  path: Assets/Materials/Braun.mat
  artifactKey: Guid(a0cf4c58a9181494cb13d3641c1e16ab) Importer(815301076,1909f56bfc062723c751e8b465ee728b)
Start importing Assets/Materials/Braun.mat using Guid(a0cf4c58a9181494cb13d3641c1e16ab) Importer(815301076,1909f56bfc062723c751e8b465ee728b)  -> (artifact id: '40880425fc144c8704930106e9dc3ef4') in 0.185011 seconds 
  Import took 0.189606 seconds .

========================================================================
Received Import Request.
  Time since last request: 109.908273 seconds.
  path: Assets/Materials/DESK.mat
  artifactKey: Guid(958178947c7135d4fa8d38486d09a193) Importer(815301076,1909f56bfc062723c751e8b465ee728b)
Start importing Assets/Materials/DESK.mat using Guid(958178947c7135d4fa8d38486d09a193) Importer(815301076,1909f56bfc062723c751e8b465ee728b)  -> (artifact id: '874336e4c5cb0d983840406409760e43') in 0.011830 seconds 
  Import took 0.015512 seconds .

========================================================================
Received Import Request.
  Time since last request: 1932.924923 seconds.
  path: Assets/Materials/Braun.mat
  artifactKey: Guid(a0cf4c58a9181494cb13d3641c1e16ab) Importer(815301076,1909f56bfc062723c751e8b465ee728b)
Start importing Assets/Materials/Braun.mat using Guid(a0cf4c58a9181494cb13d3641c1e16ab) Importer(815301076,1909f56bfc062723c751e8b465ee728b)  -> (artifact id: '0fb6876cbd68909f4a7122037fe8342f') in 0.013416 seconds 
  Import took 0.018403 seconds .

========================================================================
Received Import Request.
  Time since last request: 0.000488 seconds.
  path: Assets/Materials/DESK.mat
  artifactKey: Guid(958178947c7135d4fa8d38486d09a193) Importer(815301076,1909f56bfc062723c751e8b465ee728b)
Start importing Assets/Materials/DESK.mat using Guid(958178947c7135d4fa8d38486d09a193) Importer(815301076,1909f56bfc062723c751e8b465ee728b)  -> (artifact id: 'e8f77c2cb361a5a409b6ad254d9865b0') in 0.011673 seconds 
  Import took 0.014924 seconds .

========================================================================
Received Import Request.
  Time since last request: 27.835674 seconds.
  path: Assets/BarcadeGamesAssetPack/Models
  artifactKey: Guid(cf0ae0d6f8bc943d394dc5a415f96cfd) Importer(815301076,1909f56bfc062723c751e8b465ee728b)
Start importing Assets/BarcadeGamesAssetPack/Models using Guid(cf0ae0d6f8bc943d394dc5a415f96cfd) Importer(815301076,1909f56bfc062723c751e8b465ee728b)  -> (artifact id: 'c8049f466651642e7a36f72c0cabca08') in 0.003468 seconds 
  Import took 0.006055 seconds .

========================================================================
Received Import Request.
  Time since last request: 1.551079 seconds.
  path: Assets/BarcadeGamesAssetPack/Models/FBX
  artifactKey: Guid(f5bcbe413d350476bbc56bef5fe61d69) Importer(815301076,1909f56bfc062723c751e8b465ee728b)
Start importing Assets/BarcadeGamesAssetPack/Models/FBX using Guid(f5bcbe413d350476bbc56bef5fe61d69) Importer(815301076,1909f56bfc062723c751e8b465ee728b)  -> (artifact id: '84b1974a3c84e4674a9e4c3ece242845') in 0.003433 seconds 
  Import took 0.006208 seconds .

========================================================================
Received Import Request.
  Time since last request: 0.035545 seconds.
  path: Assets/BarcadeGamesAssetPack/Models/FBX/AirHockeyPad.fbx
  artifactKey: Guid(93aed2410a4e64bf78f72fd2ec80a95b) Importer(815301076,1909f56bfc062723c751e8b465ee728b)
Start importing Assets/BarcadeGamesAssetPack/Models/FBX/AirHockeyPad.fbx using Guid(93aed2410a4e64bf78f72fd2ec80a95b) Importer(815301076,1909f56bfc062723c751e8b465ee728b)  -> (artifact id: '0b7af086f0294ed4663d59372cec7540') in 0.168345 seconds 
  Import took 0.171238 seconds .

========================================================================
Received Import Request.
  Time since last request: 0.000290 seconds.
  path: Assets/BarcadeGamesAssetPack/Models/FBX/BilliardsTable.fbx
  artifactKey: Guid(b670f9e3fd3f6422e9d3de4feab83eb8) Importer(815301076,1909f56bfc062723c751e8b465ee728b)
Start importing Assets/BarcadeGamesAssetPack/Models/FBX/BilliardsTable.fbx using Guid(b670f9e3fd3f6422e9d3de4feab83eb8) Importer(815301076,1909f56bfc062723c751e8b465ee728b)  -> (artifact id: 'fc8864a844cd437671b7cf332eb3654c') in 0.048821 seconds 
  Import took 0.051572 seconds .

========================================================================
Received Import Request.
  Time since last request: 0.000292 seconds.
  path: Assets/BarcadeGamesAssetPack/Models/FBX/Ball.fbx
  artifactKey: Guid(cdac80e1dd15a450f93408e7aa5be2f7) Importer(815301076,1909f56bfc062723c751e8b465ee728b)
Start importing Assets/BarcadeGamesAssetPack/Models/FBX/Ball.fbx using Guid(cdac80e1dd15a450f93408e7aa5be2f7) Importer(815301076,1909f56bfc062723c751e8b465ee728b)  -> (artifact id: 'fb79ffaa165b92ef2f75a7ad7507a574') in 0.050456 seconds 
  Import took 0.052741 seconds .

========================================================================
Received Import Request.
  Time since last request: 0.000258 seconds.
  path: Assets/BarcadeGamesAssetPack/Models/FBX/PoolChalk.fbx
  artifactKey: Guid(9e694aa74eb2e4ad18f7f81f9d902bb2) Importer(815301076,1909f56bfc062723c751e8b465ee728b)
Start importing Assets/BarcadeGamesAssetPack/Models/FBX/PoolChalk.fbx using Guid(9e694aa74eb2e4ad18f7f81f9d902bb2) Importer(815301076,1909f56bfc062723c751e8b465ee728b)  -> (artifact id: '0983dd14c1fd6dfb299539f167da3e0f') in 0.033751 seconds 
  Import took 0.036230 seconds .

========================================================================
Received Import Request.
  Time since last request: 0.000278 seconds.
  path: Assets/BarcadeGamesAssetPack/Models/FBX/AirHockeyPuck.fbx
  artifactKey: Guid(9f4aa7334e19b41d587d6cf842f2ac2a) Importer(815301076,1909f56bfc062723c751e8b465ee728b)
Start importing Assets/BarcadeGamesAssetPack/Models/FBX/AirHockeyPuck.fbx using Guid(9f4aa7334e19b41d587d6cf842f2ac2a) Importer(815301076,1909f56bfc062723c751e8b465ee728b)  -> (artifact id: 'dff8aad1c4f610654ea4587f8e86d014') in 0.029968 seconds 
  Import took 0.032617 seconds .

========================================================================
Received Import Request.
  Time since last request: 0.000374 seconds.
  path: Assets/BarcadeGamesAssetPack/Models/FBX/AirHockeyTable.fbx
  artifactKey: Guid(788fca2f130b345b89e94b0c5ad32a0c) Importer(815301076,1909f56bfc062723c751e8b465ee728b)
Start importing Assets/BarcadeGamesAssetPack/Models/FBX/AirHockeyTable.fbx using Guid(788fca2f130b345b89e94b0c5ad32a0c) Importer(815301076,1909f56bfc062723c751e8b465ee728b)  -> (artifact id: '32e83bf99e48b768b63feb5c49c2facb') in 0.045229 seconds 
  Import took 0.048083 seconds .

========================================================================
Received Import Request.
  Time since last request: 0.000343 seconds.
  path: Assets/BarcadeGamesAssetPack/Models/FBX/PPPaddle.fbx
  artifactKey: Guid(6f81d17ce2a4146e28e18f768d3dce55) Importer(815301076,1909f56bfc062723c751e8b465ee728b)
Start importing Assets/BarcadeGamesAssetPack/Models/FBX/PPPaddle.fbx using Guid(6f81d17ce2a4146e28e18f768d3dce55) Importer(815301076,1909f56bfc062723c751e8b465ee728b)  -> (artifact id: 'db1d26d774a03ec9294b80db903e464d') in 0.045056 seconds 
  Import took 0.047397 seconds .

========================================================================
Received Import Request.
  Time since last request: 0.000366 seconds.
  path: Assets/BarcadeGamesAssetPack/Models/FBX/PingPondTable.fbx
  artifactKey: Guid(833b8177d321f4caead1623ab158f884) Importer(815301076,1909f56bfc062723c751e8b465ee728b)
Start importing Assets/BarcadeGamesAssetPack/Models/FBX/PingPondTable.fbx using Guid(833b8177d321f4caead1623ab158f884) Importer(815301076,1909f56bfc062723c751e8b465ee728b)  -> (artifact id: '65e5fbbc502deb15fa2f39a808974338') in 0.038256 seconds 
  Import took 0.040609 seconds .

========================================================================
Received Import Request.
  Time since last request: 0.000293 seconds.
  path: Assets/BarcadeGamesAssetPack/Models/FBX/CueStick.fbx
  artifactKey: Guid(76aa98bf98338429586e9d4335d63c1f) Importer(815301076,1909f56bfc062723c751e8b465ee728b)
Start importing Assets/BarcadeGamesAssetPack/Models/FBX/CueStick.fbx using Guid(76aa98bf98338429586e9d4335d63c1f) Importer(815301076,1909f56bfc062723c751e8b465ee728b)  -> (artifact id: 'ee23fd23d69ef1ca3267934843c20fab') in 0.035650 seconds 
  Import took 0.038092 seconds .

========================================================================
Received Import Request.
  Time since last request: 656.823458 seconds.
  path: Assets/BarcadeGamesAssetPack/Materials/AirTable.mat
  artifactKey: Guid(1eec36e370a014d98a2491c60221963a) Importer(815301076,1909f56bfc062723c751e8b465ee728b)
Start importing Assets/BarcadeGamesAssetPack/Materials/AirTable.mat using Guid(1eec36e370a014d98a2491c60221963a) Importer(815301076,1909f56bfc062723c751e8b465ee728b)  -> (artifact id: '13702c7e0dccce0b967ef4e7009f5abd') in 0.013026 seconds 
  Import took 0.016367 seconds .

========================================================================
Received Import Request.
  Time since last request: 0.000264 seconds.
  path: Assets/BarcadeGamesAssetPack/Materials/Metal.mat
  artifactKey: Guid(6bf6df62df67c4320961ad0a711449eb) Importer(815301076,1909f56bfc062723c751e8b465ee728b)
Start importing Assets/BarcadeGamesAssetPack/Materials/Metal.mat using Guid(6bf6df62df67c4320961ad0a711449eb) Importer(815301076,1909f56bfc062723c751e8b465ee728b)  -> (artifact id: 'efc2dd22c6cfe93992c016444f1c0de9') in 0.012339 seconds 
  Import took 0.014886 seconds .

========================================================================
Received Import Request.
  Time since last request: 0.000293 seconds.
  path: Assets/BarcadeGamesAssetPack/Materials/Felt.mat
  artifactKey: Guid(77a65a699fb6b47c1a39d2334e433ddb) Importer(815301076,1909f56bfc062723c751e8b465ee728b)
Start importing Assets/BarcadeGamesAssetPack/Materials/Felt.mat using Guid(77a65a699fb6b47c1a39d2334e433ddb) Importer(815301076,1909f56bfc062723c751e8b465ee728b)  -> (artifact id: 'a8d4724dffca3bcc66fbca2aa7829f08') in 0.012891 seconds 
  Import took 0.015646 seconds .

========================================================================
Received Import Request.
  Time since last request: 0.000302 seconds.
  path: Assets/BarcadeGamesAssetPack/Materials/Chalk.mat
  artifactKey: Guid(1a1638414648744d7a7bac01c8184b20) Importer(815301076,1909f56bfc062723c751e8b465ee728b)
Start importing Assets/BarcadeGamesAssetPack/Materials/Chalk.mat using Guid(1a1638414648744d7a7bac01c8184b20) Importer(815301076,1909f56bfc062723c751e8b465ee728b)  -> (artifact id: '3b934705aec3cbfd5f3f4137f88bc5da') in 0.012345 seconds 
  Import took 0.015069 seconds .

========================================================================
Received Import Request.
  Time since last request: 0.000386 seconds.
  path: Assets/BarcadeGamesAssetPack/Materials/Black3.mat
  artifactKey: Guid(9d02273cacdd845289f2021e2936f73f) Importer(815301076,1909f56bfc062723c751e8b465ee728b)
Start importing Assets/BarcadeGamesAssetPack/Materials/Black3.mat using Guid(9d02273cacdd845289f2021e2936f73f) Importer(815301076,1909f56bfc062723c751e8b465ee728b)  -> (artifact id: '6e61539d9f1700c78ef9768d55e9f55b') in 0.011724 seconds 
  Import took 0.014545 seconds .

========================================================================
Received Import Request.
  Time since last request: 0.000492 seconds.
  path: Assets/BarcadeGamesAssetPack/Materials/Black4.mat
  artifactKey: Guid(c658f6619c94b428ab05a504475d5655) Importer(815301076,1909f56bfc062723c751e8b465ee728b)
Start importing Assets/BarcadeGamesAssetPack/Materials/Black4.mat using Guid(c658f6619c94b428ab05a504475d5655) Importer(815301076,1909f56bfc062723c751e8b465ee728b)  -> (artifact id: '9a962ce0eb695ab942b218c226b5cc4e') in 0.010885 seconds 
  Import took 0.013527 seconds .

========================================================================
Received Import Request.
  Time since last request: 0.000312 seconds.
  path: Assets/BarcadeGamesAssetPack/Materials/seamless-wood-texture-free-7.mat
  artifactKey: Guid(45bb00b66f5344dfaaf66154c6079ac3) Importer(815301076,1909f56bfc062723c751e8b465ee728b)
Start importing Assets/BarcadeGamesAssetPack/Materials/seamless-wood-texture-free-7.mat using Guid(45bb00b66f5344dfaaf66154c6079ac3) Importer(815301076,1909f56bfc062723c751e8b465ee728b)  -> (artifact id: 'c8e40c551b26d085091df37316615574') in 0.012623 seconds 
  Import took 0.015708 seconds .

========================================================================
Received Import Request.
  Time since last request: 0.000398 seconds.
  path: Assets/BarcadeGamesAssetPack/Materials/PingPongTable.mat
  artifactKey: Guid(c460e61fe8c634d1ab5f4def851e1d1c) Importer(815301076,1909f56bfc062723c751e8b465ee728b)
Start importing Assets/BarcadeGamesAssetPack/Materials/PingPongTable.mat using Guid(c460e61fe8c634d1ab5f4def851e1d1c) Importer(815301076,1909f56bfc062723c751e8b465ee728b)  -> (artifact id: '2ed24e6e94395f12b0b4fd9785e7e7cf') in 0.011798 seconds 
  Import took 0.015014 seconds .

========================================================================
Received Import Request.
  Time since last request: 0.000365 seconds.
  path: Assets/BarcadeGamesAssetPack/Materials/PingPongTable 2.mat
  artifactKey: Guid(c94a7a09c6ddb481c939de4208248a30) Importer(815301076,1909f56bfc062723c751e8b465ee728b)
Start importing Assets/BarcadeGamesAssetPack/Materials/PingPongTable 2.mat using Guid(c94a7a09c6ddb481c939de4208248a30) Importer(815301076,1909f56bfc062723c751e8b465ee728b)  -> (artifact id: '0d7ab9ce64a2a47c3f858003d23c391c') in 0.010851 seconds 
  Import took 0.013785 seconds .

========================================================================
Received Import Request.
  Time since last request: 0.000261 seconds.
  path: Assets/BarcadeGamesAssetPack/Materials/seamless-wood-texture-free-6.mat
  artifactKey: Guid(944cfd3e5f85a491b8464199ed77f1aa) Importer(815301076,1909f56bfc062723c751e8b465ee728b)
Start importing Assets/BarcadeGamesAssetPack/Materials/seamless-wood-texture-free-6.mat using Guid(944cfd3e5f85a491b8464199ed77f1aa) Importer(815301076,1909f56bfc062723c751e8b465ee728b)  -> (artifact id: '001428cc2beee410cefde24a3042b8b2') in 0.012638 seconds 
  Import took 0.015651 seconds .

========================================================================
Received Import Request.
  Time since last request: 0.000405 seconds.
  path: Assets/BarcadeGamesAssetPack/Materials/PingPongTable 1.mat
  artifactKey: Guid(9f258204891e84d5ea0c80a96dcbd4ef) Importer(815301076,1909f56bfc062723c751e8b465ee728b)
Start importing Assets/BarcadeGamesAssetPack/Materials/PingPongTable 1.mat using Guid(9f258204891e84d5ea0c80a96dcbd4ef) Importer(815301076,1909f56bfc062723c751e8b465ee728b)  -> (artifact id: 'caf0a1d21749f92c59533e52c99984e6') in 0.011934 seconds 
  Import took 0.015246 seconds .

========================================================================
Received Import Request.
  Time since last request: 0.000306 seconds.
  path: Assets/BarcadeGamesAssetPack/Materials/Black5.mat
  artifactKey: Guid(9fda612edf05043fda18033eda808c9d) Importer(815301076,1909f56bfc062723c751e8b465ee728b)
Start importing Assets/BarcadeGamesAssetPack/Materials/Black5.mat using Guid(9fda612edf05043fda18033eda808c9d) Importer(815301076,1909f56bfc062723c751e8b465ee728b)  -> (artifact id: '0c1b1c50a1a27cfeb25dba5d7aada51a') in 0.012672 seconds 
  Import took 0.015608 seconds .

========================================================================
Received Import Request.
  Time since last request: 0.000435 seconds.
  path: Assets/BarcadeGamesAssetPack/Materials/Black6.mat
  artifactKey: Guid(977af329ad6a9468a8ccef1ac6aeefc3) Importer(815301076,1909f56bfc062723c751e8b465ee728b)
Start importing Assets/BarcadeGamesAssetPack/Materials/Black6.mat using Guid(977af329ad6a9468a8ccef1ac6aeefc3) Importer(815301076,1909f56bfc062723c751e8b465ee728b)  -> (artifact id: 'b1df063067ab9647fcfa637dab68a6ae') in 0.011082 seconds 
  Import took 0.013917 seconds .

========================================================================
Received Import Request.
  Time since last request: 0.000281 seconds.
  path: Assets/BarcadeGamesAssetPack/Materials/Black2.mat
  artifactKey: Guid(efdef81d55a5b462a820e91d4ef297e7) Importer(815301076,1909f56bfc062723c751e8b465ee728b)
Start importing Assets/BarcadeGamesAssetPack/Materials/Black2.mat using Guid(efdef81d55a5b462a820e91d4ef297e7) Importer(815301076,1909f56bfc062723c751e8b465ee728b)  -> (artifact id: '2efad0c3347628acbcfa7e77c28c83c3') in 0.012535 seconds 
  Import took 0.015502 seconds .

========================================================================
Received Import Request.
  Time since last request: 0.000302 seconds.
  path: Assets/BarcadeGamesAssetPack/Materials/PingPongTable 3.mat
  artifactKey: Guid(586783f593ef7411394573874c601c5a) Importer(815301076,1909f56bfc062723c751e8b465ee728b)
Start importing Assets/BarcadeGamesAssetPack/Materials/PingPongTable 3.mat using Guid(586783f593ef7411394573874c601c5a) Importer(815301076,1909f56bfc062723c751e8b465ee728b)  -> (artifact id: 'ac4b09d7d6198cc3046aad6c118ec6cd') in 0.010797 seconds 
  Import took 0.013501 seconds .

========================================================================
Received Import Request.
  Time since last request: 0.000325 seconds.
  path: Assets/BarcadeGamesAssetPack/Materials/Black1.mat
  artifactKey: Guid(2965b00419eb04905ac57b44263c33f9) Importer(815301076,1909f56bfc062723c751e8b465ee728b)
Start importing Assets/BarcadeGamesAssetPack/Materials/Black1.mat using Guid(2965b00419eb04905ac57b44263c33f9) Importer(815301076,1909f56bfc062723c751e8b465ee728b)  -> (artifact id: 'd43e4b1eebd0b2044ceabcda21ac4f70') in 0.012952 seconds 
  Import took 0.016055 seconds .

========================================================================
Received Import Request.
  Time since last request: 0.000332 seconds.
  path: Assets/BarcadeGamesAssetPack/Materials/seamless-wood-texture-free-6.jpg
  artifactKey: Guid(bd09b747016d2439aaa654dd1ff1d3e3) Importer(815301076,1909f56bfc062723c751e8b465ee728b)
Start importing Assets/BarcadeGamesAssetPack/Materials/seamless-wood-texture-free-6.jpg using Guid(bd09b747016d2439aaa654dd1ff1d3e3) Importer(815301076,1909f56bfc062723c751e8b465ee728b)  -> (artifact id: 'aa114f324c0af76de507e757b10b1227') in 0.029109 seconds 
  Import took 0.032209 seconds .

========================================================================
Received Import Request.
  Time since last request: 0.000239 seconds.
  path: Assets/BarcadeGamesAssetPack/Materials/Felt.jpg
  artifactKey: Guid(1497e82f5cf2744d1940c0e973f24e89) Importer(815301076,1909f56bfc062723c751e8b465ee728b)
Start importing Assets/BarcadeGamesAssetPack/Materials/Felt.jpg using Guid(1497e82f5cf2744d1940c0e973f24e89) Importer(815301076,1909f56bfc062723c751e8b465ee728b)  -> (artifact id: '398796fb2586b50e2f8cdc91237ab196') in 0.009965 seconds 
  Import took 0.012363 seconds .

========================================================================
Received Import Request.
  Time since last request: 395.665883 seconds.
  path: Packages/com.unity.ugui/package.json
  artifactKey: Guid(319b8889f363f5947acf209c17a94149) Importer(815301076,1909f56bfc062723c751e8b465ee728b)
Start importing Packages/com.unity.ugui/package.json using Guid(319b8889f363f5947acf209c17a94149) Importer(815301076,1909f56bfc062723c751e8b465ee728b)  -> (artifact id: '39d1f12f0f4420a8b9dea50868bbb5d0') in 0.015177 seconds 
  Import took 0.020075 seconds .

========================================================================
Received Import Request.
  Time since last request: 3.427573 seconds.
  path: Packages/com.unity.collab-proxy/package.json
  artifactKey: Guid(743fda8c4b219c8429fb5a77ede1c879) Importer(815301076,1909f56bfc062723c751e8b465ee728b)
Start importing Packages/com.unity.collab-proxy/package.json using Guid(743fda8c4b219c8429fb5a77ede1c879) Importer(815301076,1909f56bfc062723c751e8b465ee728b)  -> (artifact id: 'e3763271ecccd17d02d139549a016030') in 0.005336 seconds 
  Import took 0.010227 seconds .

========================================================================
Received Import Request.
  Time since last request: 0.838562 seconds.
  path: Packages/com.unity.ide.vscode/package.json
  artifactKey: Guid(ffc6271f08270b64ca0aae9c49235d81) Importer(815301076,1909f56bfc062723c751e8b465ee728b)
Start importing Packages/com.unity.ide.vscode/package.json using Guid(ffc6271f08270b64ca0aae9c49235d81) Importer(815301076,1909f56bfc062723c751e8b465ee728b)  -> (artifact id: 'fc2eb58b715695d862cee57d9b6e36af') in 0.008569 seconds 
  Import took 0.014710 seconds .

========================================================================
Received Import Request.
  Time since last request: 1.080172 seconds.
  path: Packages/com.unity.ide.visualstudio/package.json
  artifactKey: Guid(656f74f6edaa396458412b9e3903d8cd) Importer(815301076,1909f56bfc062723c751e8b465ee728b)
Start importing Packages/com.unity.ide.visualstudio/package.json using Guid(656f74f6edaa396458412b9e3903d8cd) Importer(815301076,1909f56bfc062723c751e8b465ee728b)  -> (artifact id: 'd46db23716272956467c90831c6c24d6') in 0.006998 seconds 
  Import took 0.014780 seconds .

========================================================================
Received Import Request.
  Time since last request: 1.347825 seconds.
  path: Packages/com.unity.timeline/package.json
  artifactKey: Guid(13a9c1b4df2e489e8eb9cacca7429596) Importer(815301076,1909f56bfc062723c751e8b465ee728b)
Start importing Packages/com.unity.timeline/package.json using Guid(13a9c1b4df2e489e8eb9cacca7429596) Importer(815301076,1909f56bfc062723c751e8b465ee728b)  -> (artifact id: '82c6c08db8f434b9305b26de0687e812') in 0.007354 seconds 
  Import took 0.014767 seconds .

========================================================================
Received Import Request.
  Time since last request: 0.700422 seconds.
  path: Packages/com.unity.textmeshpro/package.json
  artifactKey: Guid(220e9325710f4235a43492dd1ee4980d) Importer(815301076,1909f56bfc062723c751e8b465ee728b)
Start importing Packages/com.unity.textmeshpro/package.json using Guid(220e9325710f4235a43492dd1ee4980d) Importer(815301076,1909f56bfc062723c751e8b465ee728b)  -> (artifact id: '2c6d4de5db3a39bcb3575c98dc9df750') in 0.005455 seconds 
  Import took 0.009981 seconds .

========================================================================
Received Import Request.
  Time since last request: 36.626163 seconds.
  path: Packages/com.unity.textmeshpro
  artifactKey: Guid(cabaa672b0e3ee91fa7b6da4daab7970) Importer(815301076,1909f56bfc062723c751e8b465ee728b)
Start importing Packages/com.unity.textmeshpro using Guid(cabaa672b0e3ee91fa7b6da4daab7970) Importer(815301076,1909f56bfc062723c751e8b465ee728b)  -> (artifact id: '169a733f15e62358392572f7d3dbae7f') in 0.004579 seconds 
  Import took 0.008201 seconds .

========================================================================
Received Import Request.
  Time since last request: 117.911998 seconds.
  path: Assets/BarcadeGamesAssetPack
  artifactKey: Guid(a251b1564c11f374c9572fdab9050f01) Importer(815301076,1909f56bfc062723c751e8b465ee728b)
Start importing Assets/BarcadeGamesAssetPack using Guid(a251b1564c11f374c9572fdab9050f01) Importer(815301076,1909f56bfc062723c751e8b465ee728b)  -> (artifact id: 'fa543ed503a5cd7b83b0e2c8ec9c9e57') in 0.003747 seconds 
  Import took 0.007243 seconds .

========================================================================
Received Import Request.
  Time since last request: 11.031919 seconds.
  path: Assets/BarcadeGamesAssetPack/Materials
  artifactKey: Guid(32a5ae35852b64864aba9d5745f6774e) Importer(815301076,1909f56bfc062723c751e8b465ee728b)
Start importing Assets/BarcadeGamesAssetPack/Materials using Guid(32a5ae35852b64864aba9d5745f6774e) Importer(815301076,1909f56bfc062723c751e8b465ee728b)  -> (artifact id: '9a036e446826b511fda4687ada2e0439') in 0.002606 seconds 
  Import took 0.005195 seconds .

========================================================================
Received Import Request.
  Time since last request: 3.808094 seconds.
  path: Assets/Scenes
  artifactKey: Guid(370f776328818ed429ae8beb51bd0b04) Importer(815301076,1909f56bfc062723c751e8b465ee728b)
Start importing Assets/Scenes using Guid(370f776328818ed429ae8beb51bd0b04) Importer(815301076,1909f56bfc062723c751e8b465ee728b)  -> (artifact id: '5c5906e5c8ac43bd060ca3b547d6f890') in 0.003468 seconds 
  Import took 0.006231 seconds .

========================================================================
Received Import Request.
  Time since last request: 1.823433 seconds.
  path: Assets/Scenes/SampleScene.unity
  artifactKey: Guid(9fc0d4010bbf28b4594072e72b8655ab) Importer(815301076,1909f56bfc062723c751e8b465ee728b)
Start importing Assets/Scenes/SampleScene.unity using Guid(9fc0d4010bbf28b4594072e72b8655ab) Importer(815301076,1909f56bfc062723c751e8b465ee728b)  -> (artifact id: '85059f4f9e1a832ed95adaa0d25c5c4c') in 0.003819 seconds 
  Import took 0.006758 seconds .

========================================================================
Received Import Request.
  Time since last request: 33.557358 seconds.
  path: Assets/BAll.cs
  artifactKey: Guid(4c424b2efd70a1f4fa9d72d79f66859f) Importer(815301076,1909f56bfc062723c751e8b465ee728b)
Start importing Assets/BAll.cs using Guid(4c424b2efd70a1f4fa9d72d79f66859f) Importer(815301076,1909f56bfc062723c751e8b465ee728b)  -> (artifact id: '7375c1f63bb682d3377b335737b244bb') in 0.011853 seconds 
  Import took 0.014660 seconds .

========================================================================
Received Prepare
Registering precompiled user dll's ...
Registered in 0.004705 seconds.
Begin MonoManager ReloadAssembly
Native extension for WindowsStandalone target not found
Refreshing native plugins compatible for Editor in 0.33 ms, found 2 plugins.
Preloading 0 native plugins for Editor in 0.00 ms.
Mono: successfully reloaded assembly
- Completed reload, in  1.053 seconds
Domain Reload Profiling:
	ReloadAssembly (1054ms)
		BeginReloadAssembly (139ms)
			ExecutionOrderSort (0ms)
			DisableScriptedObjects (5ms)
			BackupInstance (0ms)
			ReleaseScriptingObjects (0ms)
			CreateAndSetChildDomain (38ms)
		EndReloadAssembly (838ms)
			LoadAssemblies (115ms)
			RebuildTransferFunctionScriptingTraits (0ms)
			SetupTypeCache (299ms)
			ReleaseScriptCaches (1ms)
			RebuildScriptCaches (42ms)
			SetupLoadedEditorAssemblies (300ms)
				LogAssemblyErrors (0ms)
				InitializePlatformSupportModulesInManaged (6ms)
				SetLoadedEditorAssemblies (1ms)
				RefreshPlugins (0ms)
				BeforeProcessingInitializeOnLoad (52ms)
				ProcessInitializeOnLoadAttributes (233ms)
				ProcessInitializeOnLoadMethodAttributes (4ms)
				AfterProcessingInitializeOnLoad (4ms)
				EditorAssembliesLoaded (0ms)
			ExecutionOrderSort2 (0ms)
			AwakeInstancesAfterBackupRestoration (7ms)
Platform modules already initialized, skipping
Refreshing native plugins compatible for Editor in 0.39 ms, found 2 plugins.
Preloading 0 native plugins for Editor in 0.00 ms.
Unloading 1392 Unused Serialized files (Serialized files now loaded: 0)
System memory in use before: 68.2 MB.
System memory in use after: 68.3 MB.

Unloading 11 unused Assets to reduce memory usage. Loaded Objects now: 1879.
Total: 3.406500 ms (FindLiveObjects: 0.172200 ms CreateObjectMapping: 0.119800 ms MarkObjects: 3.080900 ms  DeleteObjects: 0.032500 ms)

AssetImportParameters requested are different than current active one (requested -> active):
  custom:framework-win-MediaFoundation: 216162199b28c13a410421893ffa2e32 -> 
  custom:video-decoder-ogg-theora: a1e56fd34408186e4bbccfd4996cb3dc -> 
  custom:container-muxer-webm: aa71ff27fc2769a1b78a27578f13a17b -> 
  custom:container-demuxer-webm: 4f35f7cbe854078d1ac9338744f61a02 -> 
  custom:container-demuxer-ogg: 62fdf1f143b41e24485cea50d1cbac27 -> 
  custom:video-encoder-webm-vp8: eb34c28f22e8b96e1ab97ce403110664 -> 
  custom:video-decoder-webm-vp8: 9c59270c3fd7afecdb556c50c9e8de78 -> 
  custom:audio-decoder-ogg-vorbis: bf7c407c2cedff20999df2af8eb42d56 -> 
  custom:audio-encoder-webm-vorbis: bf7c407c2cedff20999df2af8eb42d56 -> 
========================================================================
Received Import Request.
  Time since last request: 641.284059 seconds.
  path: Assets/BAll.cs
  artifactKey: Guid(4c424b2efd70a1f4fa9d72d79f66859f) Importer(815301076,1909f56bfc062723c751e8b465ee728b)
Start importing Assets/BAll.cs using Guid(4c424b2efd70a1f4fa9d72d79f66859f) Importer(815301076,1909f56bfc062723c751e8b465ee728b)  -> (artifact id: '42ed52acd1a7249816e10636787038a5') in 0.008295 seconds 
  Import took 0.011940 seconds .

========================================================================
Received Prepare
Registering precompiled user dll's ...
Registered in 0.004748 seconds.
Begin MonoManager ReloadAssembly
Native extension for WindowsStandalone target not found
Refreshing native plugins compatible for Editor in 0.40 ms, found 2 plugins.
Preloading 0 native plugins for Editor in 0.00 ms.
Mono: successfully reloaded assembly
- Completed reload, in  1.078 seconds
Domain Reload Profiling:
	ReloadAssembly (1078ms)
		BeginReloadAssembly (134ms)
			ExecutionOrderSort (0ms)
			DisableScriptedObjects (5ms)
			BackupInstance (0ms)
			ReleaseScriptingObjects (0ms)
			CreateAndSetChildDomain (34ms)
		EndReloadAssembly (878ms)
			LoadAssemblies (119ms)
			RebuildTransferFunctionScriptingTraits (0ms)
			SetupTypeCache (314ms)
			ReleaseScriptCaches (1ms)
			RebuildScriptCaches (60ms)
			SetupLoadedEditorAssemblies (298ms)
				LogAssemblyErrors (0ms)
				InitializePlatformSupportModulesInManaged (5ms)
				SetLoadedEditorAssemblies (0ms)
				RefreshPlugins (0ms)
				BeforeProcessingInitializeOnLoad (61ms)
				ProcessInitializeOnLoadAttributes (222ms)
				ProcessInitializeOnLoadMethodAttributes (5ms)
				AfterProcessingInitializeOnLoad (4ms)
				EditorAssembliesLoaded (0ms)
			ExecutionOrderSort2 (0ms)
			AwakeInstancesAfterBackupRestoration (7ms)
Platform modules already initialized, skipping
Refreshing native plugins compatible for Editor in 0.33 ms, found 2 plugins.
Preloading 0 native plugins for Editor in 0.00 ms.
Unloading 1392 Unused Serialized files (Serialized files now loaded: 0)
System memory in use before: 68.3 MB.
System memory in use after: 68.4 MB.

Unloading 11 unused Assets to reduce memory usage. Loaded Objects now: 1881.
Total: 3.336900 ms (FindLiveObjects: 0.198200 ms CreateObjectMapping: 0.095600 ms MarkObjects: 3.014400 ms  DeleteObjects: 0.027400 ms)

AssetImportParameters requested are different than current active one (requested -> active):
  custom:framework-win-MediaFoundation: 216162199b28c13a410421893ffa2e32 -> 
  custom:video-decoder-ogg-theora: a1e56fd34408186e4bbccfd4996cb3dc -> 
  custom:container-muxer-webm: aa71ff27fc2769a1b78a27578f13a17b -> 
  custom:container-demuxer-webm: 4f35f7cbe854078d1ac9338744f61a02 -> 
  custom:container-demuxer-ogg: 62fdf1f143b41e24485cea50d1cbac27 -> 
  custom:video-encoder-webm-vp8: eb34c28f22e8b96e1ab97ce403110664 -> 
  custom:video-decoder-webm-vp8: 9c59270c3fd7afecdb556c50c9e8de78 -> 
  custom:audio-decoder-ogg-vorbis: bf7c407c2cedff20999df2af8eb42d56 -> 
  custom:audio-encoder-webm-vorbis: bf7c407c2cedff20999df2af8eb42d56 -> 
========================================================================
Received Prepare
Registering precompiled user dll's ...
Registered in 0.004994 seconds.
Begin MonoManager ReloadAssembly
Native extension for WindowsStandalone target not found
Refreshing native plugins compatible for Editor in 0.35 ms, found 2 plugins.
Preloading 0 native plugins for Editor in 0.00 ms.
Mono: successfully reloaded assembly
- Completed reload, in  1.249 seconds
Domain Reload Profiling:
	ReloadAssembly (1250ms)
		BeginReloadAssembly (167ms)
			ExecutionOrderSort (0ms)
			DisableScriptedObjects (6ms)
			BackupInstance (0ms)
			ReleaseScriptingObjects (0ms)
			CreateAndSetChildDomain (39ms)
		EndReloadAssembly (1001ms)
			LoadAssemblies (135ms)
			RebuildTransferFunctionScriptingTraits (0ms)
			SetupTypeCache (360ms)
			ReleaseScriptCaches (1ms)
			RebuildScriptCaches (53ms)
			SetupLoadedEditorAssemblies (354ms)
				LogAssemblyErrors (0ms)
				InitializePlatformSupportModulesInManaged (7ms)
				SetLoadedEditorAssemblies (0ms)
				RefreshPlugins (0ms)
				BeforeProcessingInitializeOnLoad (59ms)
				ProcessInitializeOnLoadAttributes (276ms)
				ProcessInitializeOnLoadMethodAttributes (5ms)
				AfterProcessingInitializeOnLoad (6ms)
				EditorAssembliesLoaded (0ms)
			ExecutionOrderSort2 (0ms)
			AwakeInstancesAfterBackupRestoration (11ms)
Platform modules already initialized, skipping
Refreshing native plugins compatible for Editor in 0.42 ms, found 2 plugins.
Preloading 0 native plugins for Editor in 0.00 ms.
Unloading 1392 Unused Serialized files (Serialized files now loaded: 0)
System memory in use before: 68.3 MB.
System memory in use after: 68.4 MB.

Unloading 11 unused Assets to reduce memory usage. Loaded Objects now: 1883.
Total: 4.053100 ms (FindLiveObjects: 0.175900 ms CreateObjectMapping: 0.087800 ms MarkObjects: 3.765100 ms  DeleteObjects: 0.022300 ms)

AssetImportParameters requested are different than current active one (requested -> active):
  custom:framework-win-MediaFoundation: 216162199b28c13a410421893ffa2e32 -> 
  custom:video-decoder-ogg-theora: a1e56fd34408186e4bbccfd4996cb3dc -> 
  custom:container-muxer-webm: aa71ff27fc2769a1b78a27578f13a17b -> 
  custom:container-demuxer-webm: 4f35f7cbe854078d1ac9338744f61a02 -> 
  custom:container-demuxer-ogg: 62fdf1f143b41e24485cea50d1cbac27 -> 
  custom:video-encoder-webm-vp8: eb34c28f22e8b96e1ab97ce403110664 -> 
  custom:video-decoder-webm-vp8: 9c59270c3fd7afecdb556c50c9e8de78 -> 
  custom:audio-decoder-ogg-vorbis: bf7c407c2cedff20999df2af8eb42d56 -> 
  custom:audio-encoder-webm-vorbis: bf7c407c2cedff20999df2af8eb42d56 -> 
========================================================================
Received Prepare
Registering precompiled user dll's ...
Registered in 0.005433 seconds.
Begin MonoManager ReloadAssembly
Native extension for WindowsStandalone target not found
Refreshing native plugins compatible for Editor in 0.36 ms, found 2 plugins.
Preloading 0 native plugins for Editor in 0.00 ms.
Mono: successfully reloaded assembly
- Completed reload, in  1.213 seconds
Domain Reload Profiling:
	ReloadAssembly (1213ms)
		BeginReloadAssembly (148ms)
			ExecutionOrderSort (0ms)
			DisableScriptedObjects (5ms)
			BackupInstance (0ms)
			ReleaseScriptingObjects (0ms)
			CreateAndSetChildDomain (42ms)
		EndReloadAssembly (989ms)
			LoadAssemblies (133ms)
			RebuildTransferFunctionScriptingTraits (0ms)
			SetupTypeCache (374ms)
			ReleaseScriptCaches (1ms)
			RebuildScriptCaches (49ms)
			SetupLoadedEditorAssemblies (332ms)
				LogAssemblyErrors (0ms)
				InitializePlatformSupportModulesInManaged (5ms)
				SetLoadedEditorAssemblies (0ms)
				RefreshPlugins (0ms)
				BeforeProcessingInitializeOnLoad (68ms)
				ProcessInitializeOnLoadAttributes (250ms)
				ProcessInitializeOnLoadMethodAttributes (5ms)
				AfterProcessingInitializeOnLoad (4ms)
				EditorAssembliesLoaded (0ms)
			ExecutionOrderSort2 (0ms)
			AwakeInstancesAfterBackupRestoration (7ms)
Platform modules already initialized, skipping
Refreshing native plugins compatible for Editor in 0.37 ms, found 2 plugins.
Preloading 0 native plugins for Editor in 0.00 ms.
Unloading 1392 Unused Serialized files (Serialized files now loaded: 0)
System memory in use before: 68.3 MB.
System memory in use after: 68.4 MB.

Unloading 11 unused Assets to reduce memory usage. Loaded Objects now: 1885.
Total: 3.601900 ms (FindLiveObjects: 0.205400 ms CreateObjectMapping: 0.061600 ms MarkObjects: 3.310800 ms  DeleteObjects: 0.022500 ms)

AssetImportParameters requested are different than current active one (requested -> active):
  custom:framework-win-MediaFoundation: 216162199b28c13a410421893ffa2e32 -> 
  custom:video-decoder-ogg-theora: a1e56fd34408186e4bbccfd4996cb3dc -> 
  custom:container-muxer-webm: aa71ff27fc2769a1b78a27578f13a17b -> 
  custom:container-demuxer-webm: 4f35f7cbe854078d1ac9338744f61a02 -> 
  custom:container-demuxer-ogg: 62fdf1f143b41e24485cea50d1cbac27 -> 
  custom:video-encoder-webm-vp8: eb34c28f22e8b96e1ab97ce403110664 -> 
  custom:video-decoder-webm-vp8: 9c59270c3fd7afecdb556c50c9e8de78 -> 
  custom:audio-decoder-ogg-vorbis: bf7c407c2cedff20999df2af8eb42d56 -> 
  custom:audio-encoder-webm-vorbis: bf7c407c2cedff20999df2af8eb42d56 -> 
========================================================================
Received Import Request.
  Time since last request: 845.469029 seconds.
  path: Assets/BAll.cs
  artifactKey: Guid(4c424b2efd70a1f4fa9d72d79f66859f) Importer(815301076,1909f56bfc062723c751e8b465ee728b)
Start importing Assets/BAll.cs using Guid(4c424b2efd70a1f4fa9d72d79f66859f) Importer(815301076,1909f56bfc062723c751e8b465ee728b)  -> (artifact id: 'b14b02ab2f3e707895359a67189d4426') in 0.005746 seconds 
  Import took 0.008706 seconds .

========================================================================
Received Import Request.
  Time since last request: 106.573900 seconds.
  path: Assets/BarcadeGamesAssetPack/Models/FBX/BAll.cs
  artifactKey: Guid(e3e40d706db461244a292f49459d5fc7) Importer(815301076,1909f56bfc062723c751e8b465ee728b)
Start importing Assets/BarcadeGamesAssetPack/Models/FBX/BAll.cs using Guid(e3e40d706db461244a292f49459d5fc7) Importer(815301076,1909f56bfc062723c751e8b465ee728b)  -> (artifact id: '076a3018390efb87b0cf501ae0f16532') in 0.003694 seconds 
  Import took 0.007948 seconds .

========================================================================
Received Prepare
Registering precompiled user dll's ...
Registered in 0.004351 seconds.
Begin MonoManager ReloadAssembly
Native extension for WindowsStandalone target not found
Refreshing native plugins compatible for Editor in 0.33 ms, found 2 plugins.
Preloading 0 native plugins for Editor in 0.00 ms.
Mono: successfully reloaded assembly
- Completed reload, in  0.963 seconds
Domain Reload Profiling:
	ReloadAssembly (963ms)
		BeginReloadAssembly (124ms)
			ExecutionOrderSort (0ms)
			DisableScriptedObjects (5ms)
			BackupInstance (0ms)
			ReleaseScriptingObjects (0ms)
			CreateAndSetChildDomain (34ms)
		EndReloadAssembly (776ms)
			LoadAssemblies (105ms)
			RebuildTransferFunctionScriptingTraits (0ms)
			SetupTypeCache (291ms)
			ReleaseScriptCaches (1ms)
			RebuildScriptCaches (40ms)
			SetupLoadedEditorAssemblies (263ms)
				LogAssemblyErrors (0ms)
				InitializePlatformSupportModulesInManaged (5ms)
				SetLoadedEditorAssemblies (0ms)
				RefreshPlugins (0ms)
				BeforeProcessingInitializeOnLoad (49ms)
				ProcessInitializeOnLoadAttributes (200ms)
				ProcessInitializeOnLoadMethodAttributes (4ms)
				AfterProcessingInitializeOnLoad (5ms)
				EditorAssembliesLoaded (0ms)
			ExecutionOrderSort2 (0ms)
			AwakeInstancesAfterBackupRestoration (7ms)
Platform modules already initialized, skipping
Refreshing native plugins compatible for Editor in 0.37 ms, found 2 plugins.
Preloading 0 native plugins for Editor in 0.00 ms.
Unloading 1392 Unused Serialized files (Serialized files now loaded: 0)
System memory in use before: 68.3 MB.
System memory in use after: 68.4 MB.

Unloading 11 unused Assets to reduce memory usage. Loaded Objects now: 1887.
Total: 3.527800 ms (FindLiveObjects: 0.195000 ms CreateObjectMapping: 0.084900 ms MarkObjects: 3.196600 ms  DeleteObjects: 0.050000 ms)

AssetImportParameters requested are different than current active one (requested -> active):
  custom:framework-win-MediaFoundation: 216162199b28c13a410421893ffa2e32 -> 
  custom:video-decoder-ogg-theora: a1e56fd34408186e4bbccfd4996cb3dc -> 
  custom:container-muxer-webm: aa71ff27fc2769a1b78a27578f13a17b -> 
  custom:container-demuxer-webm: 4f35f7cbe854078d1ac9338744f61a02 -> 
  custom:container-demuxer-ogg: 62fdf1f143b41e24485cea50d1cbac27 -> 
  custom:video-encoder-webm-vp8: eb34c28f22e8b96e1ab97ce403110664 -> 
  custom:video-decoder-webm-vp8: 9c59270c3fd7afecdb556c50c9e8de78 -> 
  custom:audio-decoder-ogg-vorbis: bf7c407c2cedff20999df2af8eb42d56 -> 
  custom:audio-encoder-webm-vorbis: bf7c407c2cedff20999df2af8eb42d56 -> 
========================================================================
Received Prepare
Registering precompiled user dll's ...
Registered in 0.004399 seconds.
Begin MonoManager ReloadAssembly
Native extension for WindowsStandalone target not found
Refreshing native plugins compatible for Editor in 0.33 ms, found 2 plugins.
Preloading 0 native plugins for Editor in 0.00 ms.
Mono: successfully reloaded assembly
- Completed reload, in  1.334 seconds
Domain Reload Profiling:
	ReloadAssembly (1335ms)
		BeginReloadAssembly (147ms)
			ExecutionOrderSort (0ms)
			DisableScriptedObjects (9ms)
			BackupInstance (0ms)
			ReleaseScriptingObjects (0ms)
			CreateAndSetChildDomain (37ms)
		EndReloadAssembly (1126ms)
			LoadAssemblies (137ms)
			RebuildTransferFunctionScriptingTraits (0ms)
			SetupTypeCache (502ms)
			ReleaseScriptCaches (1ms)
			RebuildScriptCaches (56ms)
			SetupLoadedEditorAssemblies (298ms)
				LogAssemblyErrors (0ms)
				InitializePlatformSupportModulesInManaged (5ms)
				SetLoadedEditorAssemblies (0ms)
				RefreshPlugins (0ms)
				BeforeProcessingInitializeOnLoad (54ms)
				ProcessInitializeOnLoadAttributes (228ms)
				ProcessInitializeOnLoadMethodAttributes (4ms)
				AfterProcessingInitializeOnLoad (5ms)
				EditorAssembliesLoaded (0ms)
			ExecutionOrderSort2 (0ms)
			AwakeInstancesAfterBackupRestoration (8ms)
Platform modules already initialized, skipping
Refreshing native plugins compatible for Editor in 0.44 ms, found 2 plugins.
Preloading 0 native plugins for Editor in 0.00 ms.
Unloading 1392 Unused Serialized files (Serialized files now loaded: 0)
System memory in use before: 68.3 MB.
System memory in use after: 68.4 MB.

Unloading 11 unused Assets to reduce memory usage. Loaded Objects now: 1889.
Total: 3.287100 ms (FindLiveObjects: 0.131700 ms CreateObjectMapping: 0.047400 ms MarkObjects: 3.058200 ms  DeleteObjects: 0.048700 ms)

AssetImportParameters requested are different than current active one (requested -> active):
  custom:framework-win-MediaFoundation: 216162199b28c13a410421893ffa2e32 -> 
  custom:video-decoder-ogg-theora: a1e56fd34408186e4bbccfd4996cb3dc -> 
  custom:container-muxer-webm: aa71ff27fc2769a1b78a27578f13a17b -> 
  custom:container-demuxer-webm: 4f35f7cbe854078d1ac9338744f61a02 -> 
  custom:container-demuxer-ogg: 62fdf1f143b41e24485cea50d1cbac27 -> 
  custom:video-encoder-webm-vp8: eb34c28f22e8b96e1ab97ce403110664 -> 
  custom:video-decoder-webm-vp8: 9c59270c3fd7afecdb556c50c9e8de78 -> 
  custom:audio-decoder-ogg-vorbis: bf7c407c2cedff20999df2af8eb42d56 -> 
  custom:audio-encoder-webm-vorbis: bf7c407c2cedff20999df2af8eb42d56 -> 
========================================================================
Received Prepare
Registering precompiled user dll's ...
Registered in 0.004478 seconds.
Begin MonoManager ReloadAssembly
Native extension for WindowsStandalone target not found
Refreshing native plugins compatible for Editor in 0.37 ms, found 2 plugins.
Preloading 0 native plugins for Editor in 0.00 ms.
Mono: successfully reloaded assembly
- Completed reload, in  1.124 seconds
Domain Reload Profiling:
	ReloadAssembly (1124ms)
		BeginReloadAssembly (199ms)
			ExecutionOrderSort (0ms)
			DisableScriptedObjects (9ms)
			BackupInstance (0ms)
			ReleaseScriptingObjects (0ms)
			CreateAndSetChildDomain (50ms)
		EndReloadAssembly (853ms)
			LoadAssemblies (141ms)
			RebuildTransferFunctionScriptingTraits (0ms)
			SetupTypeCache (321ms)
			ReleaseScriptCaches (1ms)
			RebuildScriptCaches (40ms)
			SetupLoadedEditorAssemblies (290ms)
				LogAssemblyErrors (0ms)
				InitializePlatformSupportModulesInManaged (5ms)
				SetLoadedEditorAssemblies (0ms)
				RefreshPlugins (0ms)
				BeforeProcessingInitializeOnLoad (49ms)
				ProcessInitializeOnLoadAttributes (226ms)
				ProcessInitializeOnLoadMethodAttributes (4ms)
				AfterProcessingInitializeOnLoad (5ms)
				EditorAssembliesLoaded (0ms)
			ExecutionOrderSort2 (0ms)
			AwakeInstancesAfterBackupRestoration (8ms)
Platform modules already initialized, skipping
Refreshing native plugins compatible for Editor in 0.34 ms, found 2 plugins.
Preloading 0 native plugins for Editor in 0.00 ms.
Unloading 1392 Unused Serialized files (Serialized files now loaded: 0)
System memory in use before: 68.3 MB.
System memory in use after: 68.4 MB.

Unloading 11 unused Assets to reduce memory usage. Loaded Objects now: 1891.
Total: 3.656100 ms (FindLiveObjects: 0.178200 ms CreateObjectMapping: 0.087400 ms MarkObjects: 3.369800 ms  DeleteObjects: 0.019200 ms)

AssetImportParameters requested are different than current active one (requested -> active):
  custom:framework-win-MediaFoundation: 216162199b28c13a410421893ffa2e32 -> 
  custom:video-decoder-ogg-theora: a1e56fd34408186e4bbccfd4996cb3dc -> 
  custom:container-muxer-webm: aa71ff27fc2769a1b78a27578f13a17b -> 
  custom:container-demuxer-webm: 4f35f7cbe854078d1ac9338744f61a02 -> 
  custom:container-demuxer-ogg: 62fdf1f143b41e24485cea50d1cbac27 -> 
  custom:video-encoder-webm-vp8: eb34c28f22e8b96e1ab97ce403110664 -> 
  custom:video-decoder-webm-vp8: 9c59270c3fd7afecdb556c50c9e8de78 -> 
  custom:audio-decoder-ogg-vorbis: bf7c407c2cedff20999df2af8eb42d56 -> 
  custom:audio-encoder-webm-vorbis: bf7c407c2cedff20999df2af8eb42d56 -> 
========================================================================
Received Prepare
Registering precompiled user dll's ...
Registered in 0.004960 seconds.
Begin MonoManager ReloadAssembly
Native extension for WindowsStandalone target not found
Refreshing native plugins compatible for Editor in 0.51 ms, found 2 plugins.
Preloading 0 native plugins for Editor in 0.00 ms.
Mono: successfully reloaded assembly
- Completed reload, in  1.101 seconds
Domain Reload Profiling:
	ReloadAssembly (1101ms)
		BeginReloadAssembly (141ms)
			ExecutionOrderSort (0ms)
			DisableScriptedObjects (5ms)
			BackupInstance (0ms)
			ReleaseScriptingObjects (0ms)
			CreateAndSetChildDomain (36ms)
		EndReloadAssembly (894ms)
			LoadAssemblies (116ms)
			RebuildTransferFunctionScriptingTraits (0ms)
			SetupTypeCache (327ms)
			ReleaseScriptCaches (1ms)
			RebuildScriptCaches (44ms)
			SetupLoadedEditorAssemblies (317ms)
				LogAssemblyErrors (0ms)
				InitializePlatformSupportModulesInManaged (6ms)
				SetLoadedEditorAssemblies (1ms)
				RefreshPlugins (1ms)
				BeforeProcessingInitializeOnLoad (67ms)
				ProcessInitializeOnLoadAttributes (232ms)
				ProcessInitializeOnLoadMethodAttributes (5ms)
				AfterProcessingInitializeOnLoad (5ms)
				EditorAssembliesLoaded (0ms)
			ExecutionOrderSort2 (0ms)
			AwakeInstancesAfterBackupRestoration (8ms)
Platform modules already initialized, skipping
Refreshing native plugins compatible for Editor in 0.33 ms, found 2 plugins.
Preloading 0 native plugins for Editor in 0.00 ms.
Unloading 1392 Unused Serialized files (Serialized files now loaded: 0)
System memory in use before: 68.3 MB.
System memory in use after: 68.4 MB.

Unloading 11 unused Assets to reduce memory usage. Loaded Objects now: 1893.
Total: 2.956100 ms (FindLiveObjects: 0.130500 ms CreateObjectMapping: 0.047600 ms MarkObjects: 2.755300 ms  DeleteObjects: 0.021400 ms)

AssetImportParameters requested are different than current active one (requested -> active):
  custom:framework-win-MediaFoundation: 216162199b28c13a410421893ffa2e32 -> 
  custom:video-decoder-ogg-theora: a1e56fd34408186e4bbccfd4996cb3dc -> 
  custom:container-muxer-webm: aa71ff27fc2769a1b78a27578f13a17b -> 
  custom:container-demuxer-webm: 4f35f7cbe854078d1ac9338744f61a02 -> 
  custom:container-demuxer-ogg: 62fdf1f143b41e24485cea50d1cbac27 -> 
  custom:video-encoder-webm-vp8: eb34c28f22e8b96e1ab97ce403110664 -> 
  custom:video-decoder-webm-vp8: 9c59270c3fd7afecdb556c50c9e8de78 -> 
  custom:audio-decoder-ogg-vorbis: bf7c407c2cedff20999df2af8eb42d56 -> 
  custom:audio-encoder-webm-vorbis: bf7c407c2cedff20999df2af8eb42d56 -> 
========================================================================
Received Prepare
Registering precompiled user dll's ...
Registered in 0.004221 seconds.
Begin MonoManager ReloadAssembly
Native extension for WindowsStandalone target not found
Refreshing native plugins compatible for Editor in 0.37 ms, found 2 plugins.
Preloading 0 native plugins for Editor in 0.00 ms.
Mono: successfully reloaded assembly
- Completed reload, in  1.124 seconds
Domain Reload Profiling:
	ReloadAssembly (1124ms)
		BeginReloadAssembly (155ms)
			ExecutionOrderSort (0ms)
			DisableScriptedObjects (5ms)
			BackupInstance (0ms)
			ReleaseScriptingObjects (0ms)
			CreateAndSetChildDomain (45ms)
		EndReloadAssembly (884ms)
			LoadAssemblies (119ms)
			RebuildTransferFunctionScriptingTraits (0ms)
			SetupTypeCache (324ms)
			ReleaseScriptCaches (1ms)
			RebuildScriptCaches (42ms)
			SetupLoadedEditorAssemblies (315ms)
				LogAssemblyErrors (0ms)
				InitializePlatformSupportModulesInManaged (6ms)
				SetLoadedEditorAssemblies (0ms)
				RefreshPlugins (0ms)
				BeforeProcessingInitializeOnLoad (57ms)
				ProcessInitializeOnLoadAttributes (241ms)
				ProcessInitializeOnLoadMethodAttributes (6ms)
				AfterProcessingInitializeOnLoad (5ms)
				EditorAssembliesLoaded (0ms)
			ExecutionOrderSort2 (0ms)
			AwakeInstancesAfterBackupRestoration (7ms)
Platform modules already initialized, skipping
Refreshing native plugins compatible for Editor in 0.35 ms, found 2 plugins.
Preloading 0 native plugins for Editor in 0.00 ms.
Unloading 1391 Unused Serialized files (Serialized files now loaded: 0)
System memory in use before: 68.3 MB.
System memory in use after: 68.4 MB.

Unloading 12 unused Assets to reduce memory usage. Loaded Objects now: 1894.
Total: 4.601400 ms (FindLiveObjects: 0.215000 ms CreateObjectMapping: 0.248400 ms MarkObjects: 4.110500 ms  DeleteObjects: 0.026000 ms)

AssetImportParameters requested are different than current active one (requested -> active):
  custom:framework-win-MediaFoundation: 216162199b28c13a410421893ffa2e32 -> 
  custom:video-decoder-ogg-theora: a1e56fd34408186e4bbccfd4996cb3dc -> 
  custom:container-muxer-webm: aa71ff27fc2769a1b78a27578f13a17b -> 
  custom:container-demuxer-webm: 4f35f7cbe854078d1ac9338744f61a02 -> 
  custom:container-demuxer-ogg: 62fdf1f143b41e24485cea50d1cbac27 -> 
  custom:video-encoder-webm-vp8: eb34c28f22e8b96e1ab97ce403110664 -> 
  custom:video-decoder-webm-vp8: 9c59270c3fd7afecdb556c50c9e8de78 -> 
  custom:audio-decoder-ogg-vorbis: bf7c407c2cedff20999df2af8eb42d56 -> 
  custom:audio-encoder-webm-vorbis: bf7c407c2cedff20999df2af8eb42d56 -> 
========================================================================
Received Import Request.
  Time since last request: 3043.718729 seconds.
  path: Packages/com.unity.collab-proxy
  artifactKey: Guid(1adad61bfb44214ee3e887b5febc4396) Importer(815301076,1909f56bfc062723c751e8b465ee728b)
Start importing Packages/com.unity.collab-proxy using Guid(1adad61bfb44214ee3e887b5febc4396) Importer(815301076,1909f56bfc062723c751e8b465ee728b)  -> (artifact id: '7837b352734e5da8176d6703b10e0397') in 0.008729 seconds 
  Import took 0.013321 seconds .

========================================================================
Received Import Request.
  Time since last request: 22.290702 seconds.
  path: Assets/Scenes/scripts
  artifactKey: Guid(1a51d412bbb824f4f8838cf78f782668) Importer(815301076,1909f56bfc062723c751e8b465ee728b)
Start importing Assets/Scenes/scripts using Guid(1a51d412bbb824f4f8838cf78f782668) Importer(815301076,1909f56bfc062723c751e8b465ee728b)  -> (artifact id: '2f118719c8a1bbf31d607c63cebbe60d') in 0.003670 seconds 
  Import took 0.006772 seconds .

========================================================================
Received Import Request.
  Time since last request: 12.461130 seconds.
  path: Assets/Scenes/scripts/BALL.cs
  artifactKey: Guid(2162c880100d4bb47a44c1745faae9c3) Importer(815301076,1909f56bfc062723c751e8b465ee728b)
Start importing Assets/Scenes/scripts/BALL.cs using Guid(2162c880100d4bb47a44c1745faae9c3) Importer(815301076,1909f56bfc062723c751e8b465ee728b)  -> (artifact id: 'e400894128e4ff95e8b9c2880a7c6937') in 0.003995 seconds 
  Import took 0.007752 seconds .

========================================================================
Received Prepare
Registering precompiled user dll's ...
Registered in 0.005788 seconds.
Begin MonoManager ReloadAssembly
Native extension for WindowsStandalone target not found
Refreshing native plugins compatible for Editor in 0.34 ms, found 2 plugins.
Preloading 0 native plugins for Editor in 0.00 ms.
Mono: successfully reloaded assembly
- Completed reload, in  1.023 seconds
Domain Reload Profiling:
	ReloadAssembly (1023ms)
		BeginReloadAssembly (121ms)
			ExecutionOrderSort (0ms)
			DisableScriptedObjects (6ms)
			BackupInstance (0ms)
			ReleaseScriptingObjects (0ms)
			CreateAndSetChildDomain (30ms)
		EndReloadAssembly (836ms)
			LoadAssemblies (108ms)
			RebuildTransferFunctionScriptingTraits (0ms)
			SetupTypeCache (288ms)
			ReleaseScriptCaches (1ms)
			RebuildScriptCaches (54ms)
			SetupLoadedEditorAssemblies (284ms)
				LogAssemblyErrors (0ms)
				InitializePlatformSupportModulesInManaged (5ms)
				SetLoadedEditorAssemblies (0ms)
				RefreshPlugins (0ms)
				BeforeProcessingInitializeOnLoad (48ms)
				ProcessInitializeOnLoadAttributes (222ms)
				ProcessInitializeOnLoadMethodAttributes (4ms)
				AfterProcessingInitializeOnLoad (4ms)
				EditorAssembliesLoaded (0ms)
			ExecutionOrderSort2 (0ms)
			AwakeInstancesAfterBackupRestoration (8ms)
Platform modules already initialized, skipping
Refreshing native plugins compatible for Editor in 0.35 ms, found 2 plugins.
Preloading 0 native plugins for Editor in 0.00 ms.
Unloading 1392 Unused Serialized files (Serialized files now loaded: 0)
System memory in use before: 68.4 MB.
System memory in use after: 68.5 MB.

Unloading 11 unused Assets to reduce memory usage. Loaded Objects now: 1897.
Total: 2.887900 ms (FindLiveObjects: 0.132700 ms CreateObjectMapping: 0.048000 ms MarkObjects: 2.663800 ms  DeleteObjects: 0.026900 ms)

AssetImportParameters requested are different than current active one (requested -> active):
  custom:framework-win-MediaFoundation: 216162199b28c13a410421893ffa2e32 -> 
  custom:video-decoder-ogg-theora: a1e56fd34408186e4bbccfd4996cb3dc -> 
  custom:container-muxer-webm: aa71ff27fc2769a1b78a27578f13a17b -> 
  custom:container-demuxer-webm: 4f35f7cbe854078d1ac9338744f61a02 -> 
  custom:container-demuxer-ogg: 62fdf1f143b41e24485cea50d1cbac27 -> 
  custom:video-encoder-webm-vp8: eb34c28f22e8b96e1ab97ce403110664 -> 
  custom:video-decoder-webm-vp8: 9c59270c3fd7afecdb556c50c9e8de78 -> 
  custom:audio-decoder-ogg-vorbis: bf7c407c2cedff20999df2af8eb42d56 -> 
  custom:audio-encoder-webm-vorbis: bf7c407c2cedff20999df2af8eb42d56 -> 
========================================================================
Received Import Request.
  Time since last request: 35.150250 seconds.
  path: Assets/Scenes/scripts/BALL.cs
  artifactKey: Guid(2162c880100d4bb47a44c1745faae9c3) Importer(815301076,1909f56bfc062723c751e8b465ee728b)
Start importing Assets/Scenes/scripts/BALL.cs using Guid(2162c880100d4bb47a44c1745faae9c3) Importer(815301076,1909f56bfc062723c751e8b465ee728b)  -> (artifact id: '7c2ceb424c49b097060474d491a3358f') in 0.005906 seconds 
  Import took 0.008450 seconds .

========================================================================
Received Prepare
Registering precompiled user dll's ...
Registered in 0.004852 seconds.
Begin MonoManager ReloadAssembly
Native extension for WindowsStandalone target not found
Refreshing native plugins compatible for Editor in 0.33 ms, found 2 plugins.
Preloading 0 native plugins for Editor in 0.00 ms.
Mono: successfully reloaded assembly
- Completed reload, in  1.287 seconds
Domain Reload Profiling:
	ReloadAssembly (1287ms)
		BeginReloadAssembly (188ms)
			ExecutionOrderSort (0ms)
			DisableScriptedObjects (5ms)
			BackupInstance (0ms)
			ReleaseScriptingObjects (0ms)
			CreateAndSetChildDomain (55ms)
		EndReloadAssembly (1034ms)
			LoadAssemblies (135ms)
			RebuildTransferFunctionScriptingTraits (0ms)
			SetupTypeCache (336ms)
			ReleaseScriptCaches (1ms)
			RebuildScriptCaches (45ms)
			SetupLoadedEditorAssemblies (383ms)
				LogAssemblyErrors (0ms)
				InitializePlatformSupportModulesInManaged (5ms)
				SetLoadedEditorAssemblies (0ms)
				RefreshPlugins (0ms)
				BeforeProcessingInitializeOnLoad (72ms)
				ProcessInitializeOnLoadAttributes (297ms)
				ProcessInitializeOnLoadMethodAttributes (4ms)
				AfterProcessingInitializeOnLoad (3ms)
				EditorAssembliesLoaded (0ms)
			ExecutionOrderSort2 (0ms)
			AwakeInstancesAfterBackupRestoration (9ms)
Platform modules already initialized, skipping
Refreshing native plugins compatible for Editor in 0.37 ms, found 2 plugins.
Preloading 0 native plugins for Editor in 0.00 ms.
Unloading 1392 Unused Serialized files (Serialized files now loaded: 0)
System memory in use before: 68.4 MB.
System memory in use after: 68.5 MB.

Unloading 11 unused Assets to reduce memory usage. Loaded Objects now: 1899.
Total: 5.197000 ms (FindLiveObjects: 0.257400 ms CreateObjectMapping: 0.133400 ms MarkObjects: 4.778400 ms  DeleteObjects: 0.026200 ms)

AssetImportParameters requested are different than current active one (requested -> active):
  custom:framework-win-MediaFoundation: 216162199b28c13a410421893ffa2e32 -> 
  custom:video-decoder-ogg-theora: a1e56fd34408186e4bbccfd4996cb3dc -> 
  custom:container-muxer-webm: aa71ff27fc2769a1b78a27578f13a17b -> 
  custom:container-demuxer-webm: 4f35f7cbe854078d1ac9338744f61a02 -> 
  custom:container-demuxer-ogg: 62fdf1f143b41e24485cea50d1cbac27 -> 
  custom:video-encoder-webm-vp8: eb34c28f22e8b96e1ab97ce403110664 -> 
  custom:video-decoder-webm-vp8: 9c59270c3fd7afecdb556c50c9e8de78 -> 
  custom:audio-decoder-ogg-vorbis: bf7c407c2cedff20999df2af8eb42d56 -> 
  custom:audio-encoder-webm-vorbis: bf7c407c2cedff20999df2af8eb42d56 -> 
========================================================================
Received Prepare
Registering precompiled user dll's ...
Registered in 0.004510 seconds.
Begin MonoManager ReloadAssembly
Native extension for WindowsStandalone target not found
Refreshing native plugins compatible for Editor in 0.51 ms, found 2 plugins.
Preloading 0 native plugins for Editor in 0.00 ms.
Mono: successfully reloaded assembly
- Completed reload, in  1.051 seconds
Domain Reload Profiling:
	ReloadAssembly (1051ms)
		BeginReloadAssembly (135ms)
			ExecutionOrderSort (0ms)
			DisableScriptedObjects (6ms)
			BackupInstance (0ms)
			ReleaseScriptingObjects (0ms)
			CreateAndSetChildDomain (38ms)
		EndReloadAssembly (856ms)
			LoadAssemblies (103ms)
			RebuildTransferFunctionScriptingTraits (0ms)
			SetupTypeCache (318ms)
			ReleaseScriptCaches (1ms)
			RebuildScriptCaches (43ms)
			SetupLoadedEditorAssemblies (291ms)
				LogAssemblyErrors (0ms)
				InitializePlatformSupportModulesInManaged (6ms)
				SetLoadedEditorAssemblies (1ms)
				RefreshPlugins (1ms)
				BeforeProcessingInitializeOnLoad (55ms)
				ProcessInitializeOnLoadAttributes (221ms)
				ProcessInitializeOnLoadMethodAttributes (4ms)
				AfterProcessingInitializeOnLoad (4ms)
				EditorAssembliesLoaded (0ms)
			ExecutionOrderSort2 (0ms)
			AwakeInstancesAfterBackupRestoration (9ms)
Platform modules already initialized, skipping
Refreshing native plugins compatible for Editor in 0.33 ms, found 2 plugins.
Preloading 0 native plugins for Editor in 0.00 ms.
Unloading 1392 Unused Serialized files (Serialized files now loaded: 0)
System memory in use before: 68.4 MB.
System memory in use after: 68.5 MB.

Unloading 11 unused Assets to reduce memory usage. Loaded Objects now: 1901.
Total: 3.840000 ms (FindLiveObjects: 0.308700 ms CreateObjectMapping: 0.308700 ms MarkObjects: 3.189800 ms  DeleteObjects: 0.031600 ms)

AssetImportParameters requested are different than current active one (requested -> active):
  custom:framework-win-MediaFoundation: 216162199b28c13a410421893ffa2e32 -> 
  custom:video-decoder-ogg-theora: a1e56fd34408186e4bbccfd4996cb3dc -> 
  custom:container-muxer-webm: aa71ff27fc2769a1b78a27578f13a17b -> 
  custom:container-demuxer-webm: 4f35f7cbe854078d1ac9338744f61a02 -> 
  custom:container-demuxer-ogg: 62fdf1f143b41e24485cea50d1cbac27 -> 
  custom:video-encoder-webm-vp8: eb34c28f22e8b96e1ab97ce403110664 -> 
  custom:video-decoder-webm-vp8: 9c59270c3fd7afecdb556c50c9e8de78 -> 
  custom:audio-decoder-ogg-vorbis: bf7c407c2cedff20999df2af8eb42d56 -> 
  custom:audio-encoder-webm-vorbis: bf7c407c2cedff20999df2af8eb42d56 -> 
AssetImportWorkerClient::OnTransportError - code=2 error=End of file
